<?xml version="1.0" encoding="UTF-8"?>
<testsuite xmlns:xsi="http://www.w3.org/2001/XMLSchema-instance" xsi:noNamespaceSchemaLocation="https://maven.apache.org/surefire/maven-surefire-plugin/xsd/surefire-test-report-3.0.xsd" version="3.0" name="runner.TestRunner" time="35.278" tests="1" errors="0" skipped="0" failures="0">
  <properties>
    <property name="java.specification.version" value="25"/>
    <property name="sun.cpu.isalist" value="amd64"/>
    <property name="sun.jnu.encoding" value="Cp1252"/>
    <property name="java.class.path" value="F:\Selenium\Add To Cart\target\test-classes;F:\Selenium\Add To Cart\target\classes;C:\Users\SthabisoSamkeloLusha\.m2\repository\org\seleniumhq\selenium\selenium-java\4.15.0\selenium-java-4.15.0.jar;C:\Users\SthabisoSamkeloLusha\.m2\repository\org\seleniumhq\selenium\selenium-api\4.15.0\selenium-api-4.15.0.jar;C:\Users\SthabisoSamkeloLusha\.m2\repository\org\seleniumhq\selenium\selenium-chrome-driver\4.15.0\selenium-chrome-driver-4.15.0.jar;C:\Users\SthabisoSamkeloLusha\.m2\repository\com\google\auto\service\auto-service-annotations\1.1.1\auto-service-annotations-1.1.1.jar;C:\Users\SthabisoSamkeloLusha\.m2\repository\org\seleniumhq\selenium\selenium-chromium-driver\4.15.0\selenium-chromium-driver-4.15.0.jar;C:\Users\SthabisoSamkeloLusha\.m2\repository\org\seleniumhq\selenium\selenium-json\4.15.0\selenium-json-4.15.0.jar;C:\Users\SthabisoSamkeloLusha\.m2\repository\org\seleniumhq\selenium\selenium-manager\4.15.0\selenium-manager-4.15.0.jar;C:\Users\SthabisoSamkeloLusha\.m2\repository\org\seleniumhq\selenium\selenium-devtools-v117\4.15.0\selenium-devtools-v117-4.15.0.jar;C:\Users\SthabisoSamkeloLusha\.m2\repository\org\seleniumhq\selenium\selenium-devtools-v118\4.15.0\selenium-devtools-v118-4.15.0.jar;C:\Users\SthabisoSamkeloLusha\.m2\repository\org\seleniumhq\selenium\selenium-devtools-v119\4.15.0\selenium-devtools-v119-4.15.0.jar;C:\Users\SthabisoSamkeloLusha\.m2\repository\org\seleniumhq\selenium\selenium-devtools-v85\4.15.0\selenium-devtools-v85-4.15.0.jar;C:\Users\SthabisoSamkeloLusha\.m2\repository\org\seleniumhq\selenium\selenium-edge-driver\4.15.0\selenium-edge-driver-4.15.0.jar;C:\Users\SthabisoSamkeloLusha\.m2\repository\org\seleniumhq\selenium\selenium-firefox-driver\4.15.0\selenium-firefox-driver-4.15.0.jar;C:\Users\SthabisoSamkeloLusha\.m2\repository\org\seleniumhq\selenium\selenium-http\4.15.0\selenium-http-4.15.0.jar;C:\Users\SthabisoSamkeloLusha\.m2\repository\dev\failsafe\failsafe\3.3.2\failsafe-3.3.2.jar;C:\Users\SthabisoSamkeloLusha\.m2\repository\org\seleniumhq\selenium\selenium-ie-driver\4.15.0\selenium-ie-driver-4.15.0.jar;C:\Users\SthabisoSamkeloLusha\.m2\repository\org\seleniumhq\selenium\selenium-remote-driver\4.15.0\selenium-remote-driver-4.15.0.jar;C:\Users\SthabisoSamkeloLusha\.m2\repository\com\google\guava\guava\32.1.2-jre\guava-32.1.2-jre.jar;C:\Users\SthabisoSamkeloLusha\.m2\repository\com\google\guava\failureaccess\1.0.1\failureaccess-1.0.1.jar;C:\Users\SthabisoSamkeloLusha\.m2\repository\com\google\guava\listenablefuture\9999.0-empty-to-avoid-conflict-with-guava\listenablefuture-9999.0-empty-to-avoid-conflict-with-guava.jar;C:\Users\SthabisoSamkeloLusha\.m2\repository\com\google\code\findbugs\jsr305\3.0.2\jsr305-3.0.2.jar;C:\Users\SthabisoSamkeloLusha\.m2\repository\org\checkerframework\checker-qual\3.33.0\checker-qual-3.33.0.jar;C:\Users\SthabisoSamkeloLusha\.m2\repository\com\google\errorprone\error_prone_annotations\2.18.0\error_prone_annotations-2.18.0.jar;C:\Users\SthabisoSamkeloLusha\.m2\repository\com\google\j2objc\j2objc-annotations\2.8\j2objc-annotations-2.8.jar;C:\Users\SthabisoSamkeloLusha\.m2\repository\io\opentelemetry\opentelemetry-api\1.28.0\opentelemetry-api-1.28.0.jar;C:\Users\SthabisoSamkeloLusha\.m2\repository\io\opentelemetry\opentelemetry-context\1.28.0\opentelemetry-context-1.28.0.jar;C:\Users\SthabisoSamkeloLusha\.m2\repository\io\opentelemetry\opentelemetry-exporter-logging\1.28.0\opentelemetry-exporter-logging-1.28.0.jar;C:\Users\SthabisoSamkeloLusha\.m2\repository\io\opentelemetry\opentelemetry-sdk-metrics\1.28.0\opentelemetry-sdk-metrics-1.28.0.jar;C:\Users\SthabisoSamkeloLusha\.m2\repository\io\opentelemetry\opentelemetry-extension-incubator\1.28.0-alpha\opentelemetry-extension-incubator-1.28.0-alpha.jar;C:\Users\SthabisoSamkeloLusha\.m2\repository\io\opentelemetry\opentelemetry-sdk-logs\1.28.0\opentelemetry-sdk-logs-1.28.0.jar;C:\Users\SthabisoSamkeloLusha\.m2\repository\io\opentelemetry\opentelemetry-sdk-common\1.28.0\opentelemetry-sdk-common-1.28.0.jar;C:\Users\SthabisoSamkeloLusha\.m2\repository\io\opentelemetry\opentelemetry-sdk-extension-autoconfigure-spi\1.28.0\opentelemetry-sdk-extension-autoconfigure-spi-1.28.0.jar;C:\Users\SthabisoSamkeloLusha\.m2\repository\io\opentelemetry\opentelemetry-sdk-extension-autoconfigure\1.28.0\opentelemetry-sdk-extension-autoconfigure-1.28.0.jar;C:\Users\SthabisoSamkeloLusha\.m2\repository\io\opentelemetry\opentelemetry-api-events\1.28.0-alpha\opentelemetry-api-events-1.28.0-alpha.jar;C:\Users\SthabisoSamkeloLusha\.m2\repository\io\opentelemetry\opentelemetry-sdk-trace\1.28.0\opentelemetry-sdk-trace-1.28.0.jar;C:\Users\SthabisoSamkeloLusha\.m2\repository\io\opentelemetry\opentelemetry-sdk\1.28.0\opentelemetry-sdk-1.28.0.jar;C:\Users\SthabisoSamkeloLusha\.m2\repository\io\opentelemetry\opentelemetry-semconv\1.28.0-alpha\opentelemetry-semconv-1.28.0-alpha.jar;C:\Users\SthabisoSamkeloLusha\.m2\repository\net\bytebuddy\byte-buddy\1.14.5\byte-buddy-1.14.5.jar;C:\Users\SthabisoSamkeloLusha\.m2\repository\org\seleniumhq\selenium\selenium-os\4.15.0\selenium-os-4.15.0.jar;C:\Users\SthabisoSamkeloLusha\.m2\repository\org\apache\commons\commons-exec\1.3\commons-exec-1.3.jar;C:\Users\SthabisoSamkeloLusha\.m2\repository\org\seleniumhq\selenium\selenium-safari-driver\4.15.0\selenium-safari-driver-4.15.0.jar;C:\Users\SthabisoSamkeloLusha\.m2\repository\org\seleniumhq\selenium\selenium-support\4.15.0\selenium-support-4.15.0.jar;C:\Users\SthabisoSamkeloLusha\.m2\repository\junit\junit\4.13.2\junit-4.13.2.jar;C:\Users\SthabisoSamkeloLusha\.m2\repository\org\hamcrest\hamcrest-core\1.3\hamcrest-core-1.3.jar;C:\Users\SthabisoSamkeloLusha\.m2\repository\io\github\bonigarcia\webdrivermanager\5.8.0\webdrivermanager-5.8.0.jar;C:\Users\SthabisoSamkeloLusha\.m2\repository\org\slf4j\slf4j-api\2.0.12\slf4j-api-2.0.12.jar;C:\Users\SthabisoSamkeloLusha\.m2\repository\com\google\code\gson\gson\2.10.1\gson-2.10.1.jar;C:\Users\SthabisoSamkeloLusha\.m2\repository\com\github\docker-java\docker-java\3.3.6\docker-java-3.3.6.jar;C:\Users\SthabisoSamkeloLusha\.m2\repository\com\github\docker-java\docker-java-core\3.3.6\docker-java-core-3.3.6.jar;C:\Users\SthabisoSamkeloLusha\.m2\repository\com\github\docker-java\docker-java-api\3.3.6\docker-java-api-3.3.6.jar;C:\Users\SthabisoSamkeloLusha\.m2\repository\com\fasterxml\jackson\core\jackson-annotations\2.10.3\jackson-annotations-2.10.3.jar;C:\Users\SthabisoSamkeloLusha\.m2\repository\com\fasterxml\jackson\core\jackson-databind\2.10.3\jackson-databind-2.10.3.jar;C:\Users\SthabisoSamkeloLusha\.m2\repository\com\fasterxml\jackson\core\jackson-core\2.10.3\jackson-core-2.10.3.jar;C:\Users\SthabisoSamkeloLusha\.m2\repository\org\bouncycastle\bcpkix-jdk18on\1.76\bcpkix-jdk18on-1.76.jar;C:\Users\SthabisoSamkeloLusha\.m2\repository\org\bouncycastle\bcprov-jdk18on\1.76\bcprov-jdk18on-1.76.jar;C:\Users\SthabisoSamkeloLusha\.m2\repository\org\bouncycastle\bcutil-jdk18on\1.76\bcutil-jdk18on-1.76.jar;C:\Users\SthabisoSamkeloLusha\.m2\repository\org\slf4j\jcl-over-slf4j\1.7.30\jcl-over-slf4j-1.7.30.jar;C:\Users\SthabisoSamkeloLusha\.m2\repository\com\github\docker-java\docker-java-transport-httpclient5\3.3.6\docker-java-transport-httpclient5-3.3.6.jar;C:\Users\SthabisoSamkeloLusha\.m2\repository\com\github\docker-java\docker-java-transport\3.3.6\docker-java-transport-3.3.6.jar;C:\Users\SthabisoSamkeloLusha\.m2\repository\net\java\dev\jna\jna\5.13.0\jna-5.13.0.jar;C:\Users\SthabisoSamkeloLusha\.m2\repository\org\brotli\dec\0.1.2\dec-0.1.2.jar;C:\Users\SthabisoSamkeloLusha\.m2\repository\org\apache\commons\commons-lang3\3.14.0\commons-lang3-3.14.0.jar;C:\Users\SthabisoSamkeloLusha\.m2\repository\org\apache\commons\commons-compress\1.26.1\commons-compress-1.26.1.jar;C:\Users\SthabisoSamkeloLusha\.m2\repository\commons-codec\commons-codec\1.16.1\commons-codec-1.16.1.jar;C:\Users\SthabisoSamkeloLusha\.m2\repository\commons-io\commons-io\2.15.1\commons-io-2.15.1.jar;C:\Users\SthabisoSamkeloLusha\.m2\repository\org\apache\httpcomponents\client5\httpclient5\5.2.1\httpclient5-5.2.1.jar;C:\Users\SthabisoSamkeloLusha\.m2\repository\org\apache\httpcomponents\core5\httpcore5\5.2\httpcore5-5.2.jar;C:\Users\SthabisoSamkeloLusha\.m2\repository\org\apache\httpcomponents\core5\httpcore5-h2\5.2\httpcore5-h2-5.2.jar;C:\Users\SthabisoSamkeloLusha\.m2\repository\org\junit\jupiter\junit-jupiter\5.9.2\junit-jupiter-5.9.2.jar;C:\Users\SthabisoSamkeloLusha\.m2\repository\org\junit\jupiter\junit-jupiter-api\5.9.2\junit-jupiter-api-5.9.2.jar;C:\Users\SthabisoSamkeloLusha\.m2\repository\org\opentest4j\opentest4j\1.2.0\opentest4j-1.2.0.jar;C:\Users\SthabisoSamkeloLusha\.m2\repository\org\junit\platform\junit-platform-commons\1.9.2\junit-platform-commons-1.9.2.jar;C:\Users\SthabisoSamkeloLusha\.m2\repository\org\junit\jupiter\junit-jupiter-params\5.9.2\junit-jupiter-params-5.9.2.jar;C:\Users\SthabisoSamkeloLusha\.m2\repository\org\junit\jupiter\junit-jupiter-engine\5.9.2\junit-jupiter-engine-5.9.2.jar;C:\Users\SthabisoSamkeloLusha\.m2\repository\org\junit\platform\junit-platform-suite\1.9.2\junit-platform-suite-1.9.2.jar;C:\Users\SthabisoSamkeloLusha\.m2\repository\org\junit\platform\junit-platform-suite-api\1.9.2\junit-platform-suite-api-1.9.2.jar;C:\Users\SthabisoSamkeloLusha\.m2\repository\org\junit\platform\junit-platform-suite-engine\1.9.2\junit-platform-suite-engine-1.9.2.jar;C:\Users\SthabisoSamkeloLusha\.m2\repository\org\junit\platform\junit-platform-suite-commons\1.9.2\junit-platform-suite-commons-1.9.2.jar;C:\Users\SthabisoSamkeloLusha\.m2\repository\org\junit\platform\junit-platform-launcher\1.9.2\junit-platform-launcher-1.9.2.jar;C:\Users\SthabisoSamkeloLusha\.m2\repository\org\junit\platform\junit-platform-engine\1.9.2\junit-platform-engine-1.9.2.jar;C:\Users\SthabisoSamkeloLusha\.m2\repository\org\apiguardian\apiguardian-api\1.1.2\apiguardian-api-1.1.2.jar;C:\Users\SthabisoSamkeloLusha\.m2\repository\io\cucumber\cucumber-java\7.15.0\cucumber-java-7.15.0.jar;C:\Users\SthabisoSamkeloLusha\.m2\repository\io\cucumber\cucumber-core\7.15.0\cucumber-core-7.15.0.jar;C:\Users\SthabisoSamkeloLusha\.m2\repository\io\cucumber\cucumber-gherkin\7.15.0\cucumber-gherkin-7.15.0.jar;C:\Users\SthabisoSamkeloLusha\.m2\repository\io\cucumber\cucumber-gherkin-messages\7.15.0\cucumber-gherkin-messages-7.15.0.jar;C:\Users\SthabisoSamkeloLusha\.m2\repository\io\cucumber\gherkin\26.2.0\gherkin-26.2.0.jar;C:\Users\SthabisoSamkeloLusha\.m2\repository\io\cucumber\messages\22.0.0\messages-22.0.0.jar;C:\Users\SthabisoSamkeloLusha\.m2\repository\io\cucumber\tag-expressions\6.0.0\tag-expressions-6.0.0.jar;C:\Users\SthabisoSamkeloLusha\.m2\repository\io\cucumber\cucumber-expressions\17.0.1\cucumber-expressions-17.0.1.jar;C:\Users\SthabisoSamkeloLusha\.m2\repository\io\cucumber\datatable\7.15.0\datatable-7.15.0.jar;C:\Users\SthabisoSamkeloLusha\.m2\repository\io\cucumber\cucumber-plugin\7.15.0\cucumber-plugin-7.15.0.jar;C:\Users\SthabisoSamkeloLusha\.m2\repository\io\cucumber\docstring\7.15.0\docstring-7.15.0.jar;C:\Users\SthabisoSamkeloLusha\.m2\repository\io\cucumber\html-formatter\20.4.0\html-formatter-20.4.0.jar;C:\Users\SthabisoSamkeloLusha\.m2\repository\io\cucumber\junit-xml-formatter\0.2.0\junit-xml-formatter-0.2.0.jar;C:\Users\SthabisoSamkeloLusha\.m2\repository\io\cucumber\ci-environment\10.0.0\ci-environment-10.0.0.jar;C:\Users\SthabisoSamkeloLusha\.m2\repository\io\cucumber\cucumber-junit-platform-engine\7.15.0\cucumber-junit-platform-engine-7.15.0.jar;C:\Users\SthabisoSamkeloLusha\.m2\repository\org\apache\logging\log4j\log4j-core\2.24.3\log4j-core-2.24.3.jar;C:\Users\SthabisoSamkeloLusha\.m2\repository\org\apache\logging\log4j\log4j-api\2.24.3\log4j-api-2.24.3.jar;"/>
    <property name="java.vm.vendor" value="Oracle Corporation"/>
    <property name="sun.arch.data.model" value="64"/>
    <property name="user.variant" value=""/>
    <property name="java.vendor.url" value="https://java.oracle.com/"/>
    <property name="user.timezone" value="Africa/Johannesburg"/>
    <property name="os.name" value="Windows 11"/>
    <property name="java.vm.specification.version" value="25"/>
    <property name="sun.java.launcher" value="SUN_STANDARD"/>
    <property name="user.country" value="ZA"/>
    <property name="sun.boot.library.path" value="C:\Program Files\Java\jdk-25\bin"/>
    <property name="sun.java.command" value="C:\Users\SthabisoSamkeloLusha\AppData\Local\Temp\surefire5410153544030239896\surefirebooter-20251024121747193_3.jar C:\Users\SthabisoSamkeloLusha\AppData\Local\Temp\surefire5410153544030239896 2025-10-24T12-17-46_908-jvmRun1 surefire-20251024121747193_1tmp surefire_0-20251024121747193_2tmp"/>
    <property name="jdk.debug" value="release"/>
    <property name="surefire.test.class.path" value="F:\Selenium\Add To Cart\target\test-classes;F:\Selenium\Add To Cart\target\classes;C:\Users\SthabisoSamkeloLusha\.m2\repository\org\seleniumhq\selenium\selenium-java\4.15.0\selenium-java-4.15.0.jar;C:\Users\SthabisoSamkeloLusha\.m2\repository\org\seleniumhq\selenium\selenium-api\4.15.0\selenium-api-4.15.0.jar;C:\Users\SthabisoSamkeloLusha\.m2\repository\org\seleniumhq\selenium\selenium-chrome-driver\4.15.0\selenium-chrome-driver-4.15.0.jar;C:\Users\SthabisoSamkeloLusha\.m2\repository\com\google\auto\service\auto-service-annotations\1.1.1\auto-service-annotations-1.1.1.jar;C:\Users\SthabisoSamkeloLusha\.m2\repository\org\seleniumhq\selenium\selenium-chromium-driver\4.15.0\selenium-chromium-driver-4.15.0.jar;C:\Users\SthabisoSamkeloLusha\.m2\repository\org\seleniumhq\selenium\selenium-json\4.15.0\selenium-json-4.15.0.jar;C:\Users\SthabisoSamkeloLusha\.m2\repository\org\seleniumhq\selenium\selenium-manager\4.15.0\selenium-manager-4.15.0.jar;C:\Users\SthabisoSamkeloLusha\.m2\repository\org\seleniumhq\selenium\selenium-devtools-v117\4.15.0\selenium-devtools-v117-4.15.0.jar;C:\Users\SthabisoSamkeloLusha\.m2\repository\org\seleniumhq\selenium\selenium-devtools-v118\4.15.0\selenium-devtools-v118-4.15.0.jar;C:\Users\SthabisoSamkeloLusha\.m2\repository\org\seleniumhq\selenium\selenium-devtools-v119\4.15.0\selenium-devtools-v119-4.15.0.jar;C:\Users\SthabisoSamkeloLusha\.m2\repository\org\seleniumhq\selenium\selenium-devtools-v85\4.15.0\selenium-devtools-v85-4.15.0.jar;C:\Users\SthabisoSamkeloLusha\.m2\repository\org\seleniumhq\selenium\selenium-edge-driver\4.15.0\selenium-edge-driver-4.15.0.jar;C:\Users\SthabisoSamkeloLusha\.m2\repository\org\seleniumhq\selenium\selenium-firefox-driver\4.15.0\selenium-firefox-driver-4.15.0.jar;C:\Users\SthabisoSamkeloLusha\.m2\repository\org\seleniumhq\selenium\selenium-http\4.15.0\selenium-http-4.15.0.jar;C:\Users\SthabisoSamkeloLusha\.m2\repository\dev\failsafe\failsafe\3.3.2\failsafe-3.3.2.jar;C:\Users\SthabisoSamkeloLusha\.m2\repository\org\seleniumhq\selenium\selenium-ie-driver\4.15.0\selenium-ie-driver-4.15.0.jar;C:\Users\SthabisoSamkeloLusha\.m2\repository\org\seleniumhq\selenium\selenium-remote-driver\4.15.0\selenium-remote-driver-4.15.0.jar;C:\Users\SthabisoSamkeloLusha\.m2\repository\com\google\guava\guava\32.1.2-jre\guava-32.1.2-jre.jar;C:\Users\SthabisoSamkeloLusha\.m2\repository\com\google\guava\failureaccess\1.0.1\failureaccess-1.0.1.jar;C:\Users\SthabisoSamkeloLusha\.m2\repository\com\google\guava\listenablefuture\9999.0-empty-to-avoid-conflict-with-guava\listenablefuture-9999.0-empty-to-avoid-conflict-with-guava.jar;C:\Users\SthabisoSamkeloLusha\.m2\repository\com\google\code\findbugs\jsr305\3.0.2\jsr305-3.0.2.jar;C:\Users\SthabisoSamkeloLusha\.m2\repository\org\checkerframework\checker-qual\3.33.0\checker-qual-3.33.0.jar;C:\Users\SthabisoSamkeloLusha\.m2\repository\com\google\errorprone\error_prone_annotations\2.18.0\error_prone_annotations-2.18.0.jar;C:\Users\SthabisoSamkeloLusha\.m2\repository\com\google\j2objc\j2objc-annotations\2.8\j2objc-annotations-2.8.jar;C:\Users\SthabisoSamkeloLusha\.m2\repository\io\opentelemetry\opentelemetry-api\1.28.0\opentelemetry-api-1.28.0.jar;C:\Users\SthabisoSamkeloLusha\.m2\repository\io\opentelemetry\opentelemetry-context\1.28.0\opentelemetry-context-1.28.0.jar;C:\Users\SthabisoSamkeloLusha\.m2\repository\io\opentelemetry\opentelemetry-exporter-logging\1.28.0\opentelemetry-exporter-logging-1.28.0.jar;C:\Users\SthabisoSamkeloLusha\.m2\repository\io\opentelemetry\opentelemetry-sdk-metrics\1.28.0\opentelemetry-sdk-metrics-1.28.0.jar;C:\Users\SthabisoSamkeloLusha\.m2\repository\io\opentelemetry\opentelemetry-extension-incubator\1.28.0-alpha\opentelemetry-extension-incubator-1.28.0-alpha.jar;C:\Users\SthabisoSamkeloLusha\.m2\repository\io\opentelemetry\opentelemetry-sdk-logs\1.28.0\opentelemetry-sdk-logs-1.28.0.jar;C:\Users\SthabisoSamkeloLusha\.m2\repository\io\opentelemetry\opentelemetry-sdk-common\1.28.0\opentelemetry-sdk-common-1.28.0.jar;C:\Users\SthabisoSamkeloLusha\.m2\repository\io\opentelemetry\opentelemetry-sdk-extension-autoconfigure-spi\1.28.0\opentelemetry-sdk-extension-autoconfigure-spi-1.28.0.jar;C:\Users\SthabisoSamkeloLusha\.m2\repository\io\opentelemetry\opentelemetry-sdk-extension-autoconfigure\1.28.0\opentelemetry-sdk-extension-autoconfigure-1.28.0.jar;C:\Users\SthabisoSamkeloLusha\.m2\repository\io\opentelemetry\opentelemetry-api-events\1.28.0-alpha\opentelemetry-api-events-1.28.0-alpha.jar;C:\Users\SthabisoSamkeloLusha\.m2\repository\io\opentelemetry\opentelemetry-sdk-trace\1.28.0\opentelemetry-sdk-trace-1.28.0.jar;C:\Users\SthabisoSamkeloLusha\.m2\repository\io\opentelemetry\opentelemetry-sdk\1.28.0\opentelemetry-sdk-1.28.0.jar;C:\Users\SthabisoSamkeloLusha\.m2\repository\io\opentelemetry\opentelemetry-semconv\1.28.0-alpha\opentelemetry-semconv-1.28.0-alpha.jar;C:\Users\SthabisoSamkeloLusha\.m2\repository\net\bytebuddy\byte-buddy\1.14.5\byte-buddy-1.14.5.jar;C:\Users\SthabisoSamkeloLusha\.m2\repository\org\seleniumhq\selenium\selenium-os\4.15.0\selenium-os-4.15.0.jar;C:\Users\SthabisoSamkeloLusha\.m2\repository\org\apache\commons\commons-exec\1.3\commons-exec-1.3.jar;C:\Users\SthabisoSamkeloLusha\.m2\repository\org\seleniumhq\selenium\selenium-safari-driver\4.15.0\selenium-safari-driver-4.15.0.jar;C:\Users\SthabisoSamkeloLusha\.m2\repository\org\seleniumhq\selenium\selenium-support\4.15.0\selenium-support-4.15.0.jar;C:\Users\SthabisoSamkeloLusha\.m2\repository\junit\junit\4.13.2\junit-4.13.2.jar;C:\Users\SthabisoSamkeloLusha\.m2\repository\org\hamcrest\hamcrest-core\1.3\hamcrest-core-1.3.jar;C:\Users\SthabisoSamkeloLusha\.m2\repository\io\github\bonigarcia\webdrivermanager\5.8.0\webdrivermanager-5.8.0.jar;C:\Users\SthabisoSamkeloLusha\.m2\repository\org\slf4j\slf4j-api\2.0.12\slf4j-api-2.0.12.jar;C:\Users\SthabisoSamkeloLusha\.m2\repository\com\google\code\gson\gson\2.10.1\gson-2.10.1.jar;C:\Users\SthabisoSamkeloLusha\.m2\repository\com\github\docker-java\docker-java\3.3.6\docker-java-3.3.6.jar;C:\Users\SthabisoSamkeloLusha\.m2\repository\com\github\docker-java\docker-java-core\3.3.6\docker-java-core-3.3.6.jar;C:\Users\SthabisoSamkeloLusha\.m2\repository\com\github\docker-java\docker-java-api\3.3.6\docker-java-api-3.3.6.jar;C:\Users\SthabisoSamkeloLusha\.m2\repository\com\fasterxml\jackson\core\jackson-annotations\2.10.3\jackson-annotations-2.10.3.jar;C:\Users\SthabisoSamkeloLusha\.m2\repository\com\fasterxml\jackson\core\jackson-databind\2.10.3\jackson-databind-2.10.3.jar;C:\Users\SthabisoSamkeloLusha\.m2\repository\com\fasterxml\jackson\core\jackson-core\2.10.3\jackson-core-2.10.3.jar;C:\Users\SthabisoSamkeloLusha\.m2\repository\org\bouncycastle\bcpkix-jdk18on\1.76\bcpkix-jdk18on-1.76.jar;C:\Users\SthabisoSamkeloLusha\.m2\repository\org\bouncycastle\bcprov-jdk18on\1.76\bcprov-jdk18on-1.76.jar;C:\Users\SthabisoSamkeloLusha\.m2\repository\org\bouncycastle\bcutil-jdk18on\1.76\bcutil-jdk18on-1.76.jar;C:\Users\SthabisoSamkeloLusha\.m2\repository\org\slf4j\jcl-over-slf4j\1.7.30\jcl-over-slf4j-1.7.30.jar;C:\Users\SthabisoSamkeloLusha\.m2\repository\com\github\docker-java\docker-java-transport-httpclient5\3.3.6\docker-java-transport-httpclient5-3.3.6.jar;C:\Users\SthabisoSamkeloLusha\.m2\repository\com\github\docker-java\docker-java-transport\3.3.6\docker-java-transport-3.3.6.jar;C:\Users\SthabisoSamkeloLusha\.m2\repository\net\java\dev\jna\jna\5.13.0\jna-5.13.0.jar;C:\Users\SthabisoSamkeloLusha\.m2\repository\org\brotli\dec\0.1.2\dec-0.1.2.jar;C:\Users\SthabisoSamkeloLusha\.m2\repository\org\apache\commons\commons-lang3\3.14.0\commons-lang3-3.14.0.jar;C:\Users\SthabisoSamkeloLusha\.m2\repository\org\apache\commons\commons-compress\1.26.1\commons-compress-1.26.1.jar;C:\Users\SthabisoSamkeloLusha\.m2\repository\commons-codec\commons-codec\1.16.1\commons-codec-1.16.1.jar;C:\Users\SthabisoSamkeloLusha\.m2\repository\commons-io\commons-io\2.15.1\commons-io-2.15.1.jar;C:\Users\SthabisoSamkeloLusha\.m2\repository\org\apache\httpcomponents\client5\httpclient5\5.2.1\httpclient5-5.2.1.jar;C:\Users\SthabisoSamkeloLusha\.m2\repository\org\apache\httpcomponents\core5\httpcore5\5.2\httpcore5-5.2.jar;C:\Users\SthabisoSamkeloLusha\.m2\repository\org\apache\httpcomponents\core5\httpcore5-h2\5.2\httpcore5-h2-5.2.jar;C:\Users\SthabisoSamkeloLusha\.m2\repository\org\junit\jupiter\junit-jupiter\5.9.2\junit-jupiter-5.9.2.jar;C:\Users\SthabisoSamkeloLusha\.m2\repository\org\junit\jupiter\junit-jupiter-api\5.9.2\junit-jupiter-api-5.9.2.jar;C:\Users\SthabisoSamkeloLusha\.m2\repository\org\opentest4j\opentest4j\1.2.0\opentest4j-1.2.0.jar;C:\Users\SthabisoSamkeloLusha\.m2\repository\org\junit\platform\junit-platform-commons\1.9.2\junit-platform-commons-1.9.2.jar;C:\Users\SthabisoSamkeloLusha\.m2\repository\org\junit\jupiter\junit-jupiter-params\5.9.2\junit-jupiter-params-5.9.2.jar;C:\Users\SthabisoSamkeloLusha\.m2\repository\org\junit\jupiter\junit-jupiter-engine\5.9.2\junit-jupiter-engine-5.9.2.jar;C:\Users\SthabisoSamkeloLusha\.m2\repository\org\junit\platform\junit-platform-suite\1.9.2\junit-platform-suite-1.9.2.jar;C:\Users\SthabisoSamkeloLusha\.m2\repository\org\junit\platform\junit-platform-suite-api\1.9.2\junit-platform-suite-api-1.9.2.jar;C:\Users\SthabisoSamkeloLusha\.m2\repository\org\junit\platform\junit-platform-suite-engine\1.9.2\junit-platform-suite-engine-1.9.2.jar;C:\Users\SthabisoSamkeloLusha\.m2\repository\org\junit\platform\junit-platform-suite-commons\1.9.2\junit-platform-suite-commons-1.9.2.jar;C:\Users\SthabisoSamkeloLusha\.m2\repository\org\junit\platform\junit-platform-launcher\1.9.2\junit-platform-launcher-1.9.2.jar;C:\Users\SthabisoSamkeloLusha\.m2\repository\org\junit\platform\junit-platform-engine\1.9.2\junit-platform-engine-1.9.2.jar;C:\Users\SthabisoSamkeloLusha\.m2\repository\org\apiguardian\apiguardian-api\1.1.2\apiguardian-api-1.1.2.jar;C:\Users\SthabisoSamkeloLusha\.m2\repository\io\cucumber\cucumber-java\7.15.0\cucumber-java-7.15.0.jar;C:\Users\SthabisoSamkeloLusha\.m2\repository\io\cucumber\cucumber-core\7.15.0\cucumber-core-7.15.0.jar;C:\Users\SthabisoSamkeloLusha\.m2\repository\io\cucumber\cucumber-gherkin\7.15.0\cucumber-gherkin-7.15.0.jar;C:\Users\SthabisoSamkeloLusha\.m2\repository\io\cucumber\cucumber-gherkin-messages\7.15.0\cucumber-gherkin-messages-7.15.0.jar;C:\Users\SthabisoSamkeloLusha\.m2\repository\io\cucumber\gherkin\26.2.0\gherkin-26.2.0.jar;C:\Users\SthabisoSamkeloLusha\.m2\repository\io\cucumber\messages\22.0.0\messages-22.0.0.jar;C:\Users\SthabisoSamkeloLusha\.m2\repository\io\cucumber\tag-expressions\6.0.0\tag-expressions-6.0.0.jar;C:\Users\SthabisoSamkeloLusha\.m2\repository\io\cucumber\cucumber-expressions\17.0.1\cucumber-expressions-17.0.1.jar;C:\Users\SthabisoSamkeloLusha\.m2\repository\io\cucumber\datatable\7.15.0\datatable-7.15.0.jar;C:\Users\SthabisoSamkeloLusha\.m2\repository\io\cucumber\cucumber-plugin\7.15.0\cucumber-plugin-7.15.0.jar;C:\Users\SthabisoSamkeloLusha\.m2\repository\io\cucumber\docstring\7.15.0\docstring-7.15.0.jar;C:\Users\SthabisoSamkeloLusha\.m2\repository\io\cucumber\html-formatter\20.4.0\html-formatter-20.4.0.jar;C:\Users\SthabisoSamkeloLusha\.m2\repository\io\cucumber\junit-xml-formatter\0.2.0\junit-xml-formatter-0.2.0.jar;C:\Users\SthabisoSamkeloLusha\.m2\repository\io\cucumber\ci-environment\10.0.0\ci-environment-10.0.0.jar;C:\Users\SthabisoSamkeloLusha\.m2\repository\io\cucumber\cucumber-junit-platform-engine\7.15.0\cucumber-junit-platform-engine-7.15.0.jar;C:\Users\SthabisoSamkeloLusha\.m2\repository\org\apache\logging\log4j\log4j-core\2.24.3\log4j-core-2.24.3.jar;C:\Users\SthabisoSamkeloLusha\.m2\repository\org\apache\logging\log4j\log4j-api\2.24.3\log4j-api-2.24.3.jar;"/>
    <property name="sun.cpu.endian" value="little"/>
    <property name="user.home" value="C:\Users\SthabisoSamkeloLusha"/>
    <property name="user.language" value="en"/>
    <property name="java.specification.vendor" value="Oracle Corporation"/>
    <property name="java.version.date" value="2025-09-16"/>
    <property name="java.home" value="C:\Program Files\Java\jdk-25"/>
    <property name="file.separator" value="\"/>
    <property name="basedir" value="F:\Selenium\Add To Cart"/>
    <property name="java.vm.compressedOopsMode" value="Zero based"/>
    <property name="line.separator" value="&#10;"/>
    <property name="java.vm.specification.vendor" value="Oracle Corporation"/>
    <property name="java.specification.name" value="Java Platform API Specification"/>
    <property name="surefire.real.class.path" value="C:\Users\SthabisoSamkeloLusha\AppData\Local\Temp\surefire5410153544030239896\surefirebooter-20251024121747193_3.jar"/>
    <property name="user.script" value=""/>
    <property name="sun.management.compiler" value="HotSpot 64-Bit Tiered Compilers"/>
    <property name="java.runtime.version" value="25+37-LTS-3491"/>
    <property name="user.name" value="SthabisoSamkeloLusha"/>
    <property name="stdout.encoding" value="Cp1252"/>
    <property name="path.separator" value=";"/>
    <property name="os.version" value="10.0"/>
    <property name="java.runtime.name" value="Java(TM) SE Runtime Environment"/>
    <property name="file.encoding" value="UTF-8"/>
    <property name="java.vm.name" value="Java HotSpot(TM) 64-Bit Server VM"/>
    <property name="localRepository" value="C:\Users\SthabisoSamkeloLusha\.m2\repository"/>
    <property name="java.vendor.url.bug" value="https://bugreport.java.com/bugreport/"/>
    <property name="java.io.tmpdir" value="C:\Users\STHABI~1\AppData\Local\Temp\"/>
    <property name="java.version" value="25"/>
    <property name="user.dir" value="F:\Selenium\Add To Cart"/>
    <property name="os.arch" value="amd64"/>
    <property name="java.vm.specification.name" value="Java Virtual Machine Specification"/>
    <property name="sun.os.patch.level" value=""/>
    <property name="native.encoding" value="Cp1252"/>
    <property name="java.library.path" value="C:\Program Files\Java\jdk-25\bin;C:\windows\Sun\Java\bin;C:\windows\system32;C:\windows;C:\Program Files\Git\mingw64\bin;C:\Program Files\Git\usr\bin;C:\Users\SthabisoSamkeloLusha\bin;C:\Program Files\Common Files\Oracle\Java\javapath;C:\windows\system32;C:\windows;C:\windows\System32\Wbem;C:\windows\System32\WindowsPowerShell\v1.0;C:\windows\System32\OpenSSH;C:\MinGW\bin;C:\Program Files\Git\cmd;C:\Program Files\MATLAB\R2025b\bin;C:\Users\SthabisoSamkeloLusha\Downloads\apache-maven-3.9.11-bin\apache-maven-3.9.11\bin;C:\Program Files\cursor\resources\app\bin;C:\Users\SthabisoSamkeloLusha\AppData\Local\Microsoft\WindowsApps;C:\Users\SthabisoSamkeloLusha\AppData\Local\Programs\Microsoft VS Code\bin;C:\Program Files\JetBrains\IntelliJ IDEA 2025.2.1\bin;C:\Program Files\Git\usr\bin;."/>
    <property name="java.vm.info" value="mixed mode, sharing"/>
    <property name="stderr.encoding" value="Cp1252"/>
    <property name="java.vendor" value="Oracle Corporation"/>
    <property name="java.vm.version" value="25+37-LTS-3491"/>
    <property name="stdin.encoding" value="Cp1252"/>
    <property name="sun.io.unicode.encoding" value="UnicodeLittle"/>
    <property name="java.class.version" value="69.0"/>
  </properties>
  <testcase name="Sign-In and add an existing item to the cart" classname="Add item to cart" time="34.535">
    <system-out><![CDATA[
Scenario: Sign-In and add an existing item to the cart            &amp#27;[90m# src/test/resources/features/addtocart.feature:6&amp#27;[0m
  &amp#27;[32mGiven &amp#27;[0m&amp#27;[32mthe user is on the Takealot home page&amp#27;[0m                     &amp#27;[90m# stepDefinitions.AddToCart.theUserOnHomePage()&amp#27;[0m
  &amp#27;[32mAnd &amp#27;[0m&amp#27;[32mthe user clicks the Login button&amp#27;[0m                            &amp#27;[90m# stepDefinitions.AddToCart.theUserClicksTheLoginButton()&amp#27;[0m
  &amp#27;[32mWhen &amp#27;[0m&amp#27;[32mthe user enters valid login credentials and clicks Sign In&amp#27;[0m &amp#27;[90m# stepDefinitions.AddToCart.theUserClicksSignIn()&amp#27;[0m
  &amp#27;[32mAnd &amp#27;[0m&amp#27;[32mthe user searches for an existing item&amp#27;[0m                      &amp#27;[90m# stepDefinitions.AddToCart.theUserSearchesTheItem()&amp#27;[0m
  &amp#27;[32mAnd &amp#27;[0m&amp#27;[32mthe user adds the item to the cart&amp#27;[0m                          &amp#27;[90m# stepDefinitions.AddToCart.theUserAddsTheItemToCart()&amp#27;[0m
  &amp#27;[32mAnd &amp#27;[0m&amp#27;[32mthe user clicks go to cart&amp#27;[0m                                  &amp#27;[90m# stepDefinitions.AddToCart.theUserGoesToCart()&amp#27;[0m
  &amp#27;[32mThen &amp#27;[0m&amp#27;[32mthe user finds the added item in the cart&amp#27;[0m                  &amp#27;[90m# stepDefinitions.AddToCart.verifyItemInCart()&amp#27;[0m
]]></system-out>
    <system-err><![CDATA[Oct 24, 2025 12:17:48 PM io.cucumber.junit.platform.engine.DiscoverySelectorResolver warnWhenCucumberFeaturesPropertyIsUsed
WARNING: Discovering tests using the cucumber.features property. Other discovery selectors are ignored!
Please request/upvote/sponsor/ect better support for JUnit 5 discovery selectors.
See: https://github.com/cucumber/cucumber-jvm/pull/2498
Oct 24, 2025 12:17:52 PM org.openqa.selenium.devtools.CdpVersionFinder findNearestMatch
WARNING: Unable to find CDP implementation matching 141
Oct 24, 2025 12:17:52 PM org.openqa.selenium.chromium.ChromiumDriver lambda$new$5
WARNING: Unable to find version of CDP to use for 141.0.7390.109. You may need to include a dependency on a specific version of the CDP using something similar to `org.seleniumhq.selenium:selenium-devtools-v86:4.15.0` where the version ("v86") matches the version of the chromium-based browser you're using and the version number of the artifact is the same as Selenium's.
]]></system-err>
  </testcase>
</testsuite>